ERROR:root:Error processind line #1for ID #
ERROR:root:Error processind line #2for ID #
ERROR:root:Error processind line #3for ID #
ERROR:root:Error processind line #4for ID #
ERROR:root:Error processind line #5for ID #
ERROR:root:Error processind line #6for ID #
ERROR:root:Error processind line #7for ID #
ERROR:root:Error processind line #8for ID #
ERROR:root:Error processind line #9for ID #
ERROR:root:Error processind line #10for ID #
ERROR:root:Error processind line #11for ID #
ERROR:root:Error processind line #12for ID #
ERROR:root:Error processind line #13for ID #
ERROR:root:Error processind line #14for ID #
ERROR:root:Error processind line #15for ID #
ERROR:root:Error processind line #16for ID #
ERROR:root:Error processind line #17for ID #
ERROR:root:Error processind line #18for ID #
ERROR:root:Error processind line #19for ID #
ERROR:root:Error processind line #20for ID #
ERROR:root:Error processind line #21for ID #
ERROR:root:Error processind line #22for ID #
ERROR:root:Error processind line #23for ID #
ERROR:root:Error processind line #24for ID #
ERROR:root:Error processind line #25for ID #
ERROR:root:Error processind line #26for ID #
ERROR:root:Error processind line #27for ID #
ERROR:root:Error processind line #28for ID #
ERROR:root:Error processind line #29for ID #
ERROR:root:Error processind line #30for ID #
ERROR:root:Error processind line #31for ID #
ERROR:root:Error processind line #32for ID #
ERROR:root:Error processind line #33for ID #
ERROR:root:Error processind line #34for ID #
ERROR:root:Error processind line #35for ID #
ERROR:root:Error processind line #36for ID #
ERROR:root:Error processind line #37for ID #
ERROR:root:Error processind line #38for ID #
ERROR:root:Error processind line #39for ID #
ERROR:root:Error processind line #40for ID #
ERROR:root:Error processind line #41for ID #
ERROR:root:Error processind line #42for ID #
ERROR:root:Error processind line #43for ID #
ERROR:root:Error processind line #44for ID #
ERROR:root:Error processind line #45for ID #
ERROR:root:Error processind line #46for ID #
ERROR:root:Error processind line #47for ID #
ERROR:root:Error processind line #48for ID #
ERROR:root:Error processind line #49for ID #
ERROR:root:Error processind line #50for ID #
ERROR:root:Error processind line #51for ID #
ERROR:root:Error processind line #52for ID #
ERROR:root:Error processind line #53for ID #
ERROR:root:Error processind line #54for ID #
ERROR:root:Error processind line #55for ID #
ERROR:root:Error processind line #56for ID #
ERROR:root:Error processind line #57for ID #
ERROR:root:Error processind line #58for ID #
ERROR:root:Error processind line #59for ID #
ERROR:root:Error processind line #60for ID #
ERROR:root:Error processind line #61for ID #
ERROR:root:Error processind line #62for ID #
ERROR:root:Error processind line #63for ID #
ERROR:root:Error processind line #64for ID #
ERROR:root:Error processind line #65for ID #
ERROR:root:Error processind line #66for ID #
ERROR:root:Error processind line #67for ID #
ERROR:root:Error processind line #68for ID #
ERROR:root:Error processind line #69for ID #
ERROR:root:Error processind line #70for ID #
ERROR:root:Error processind line #71for ID #
ERROR:root:Error processind line #72for ID #
ERROR:root:Error processind line #73for ID #
ERROR:root:Error processind line #74for ID #
ERROR:root:Error processind line #75for ID #
ERROR:root:Error processind line #76for ID #
ERROR:root:Error processind line #77for ID #
ERROR:root:Error processind line #78for ID #
ERROR:root:Error processind line #79for ID #
ERROR:root:Error processind line #80for ID #
ERROR:root:Error processind line #81for ID #
ERROR:root:Error processind line #82for ID #
ERROR:root:Error processind line #83for ID #
ERROR:root:Error processind line #84for ID #
ERROR:root:Error processind line #85for ID #
ERROR:root:Error processind line #86for ID #
ERROR:root:Error processind line #87for ID #
ERROR:root:Error processind line #88for ID #
ERROR:root:Error processind line #89for ID #
ERROR:root:Error processind line #90for ID #
ERROR:root:Error processind line #91for ID #
ERROR:root:Error processind line #92for ID #
ERROR:root:Error processind line #93for ID #
ERROR:root:Error processind line #94for ID #
ERROR:root:Error processind line #95for ID #
ERROR:root:Error processind line #96for ID #
ERROR:root:Error processind line #97for ID #
ERROR:root:Error processind line #98for ID #
ERROR:root:Error processind line #99for ID #
ERROR:root:Error processind line #100for ID #
ERROR:root:Error processind line #101for ID #
ERROR:root:Error processind line #0for ID id value birthday
ERROR:root:Error processind line #13for ID 13 value 29/072006
ERROR:root:Error processind line #27for ID 27 value 23/23/2007
ERROR:root:Error processind line #30for ID 30 value 1411/1997
ERROR:root:Error processind line #47for ID 47 value 11/11/19895
ERROR:root:Error processind line #48for ID 48 value 44/01/1972
ERROR:root:Error processind line #67for ID 67 value 29*06*1988
ERROR:root:Error processind line #71for ID 71 value 00/10/1995
ERROR:root:Error processind line #78for ID 78 value 25/19/1998
ERROR:root:Error processind line #87for ID 87 value 09-08-2003
ERROR:root:Error processind line #93for ID 93 value 22//01//2013
ERROR:root:Error processind line #0for ID id value birthday
ERROR:root:Error processind line #13for ID 13 value 29/072006
ERROR:root:Error processind line #27for ID 27 value 23/23/2007
ERROR:root:Error processind line #30for ID 30 value 1411/1997
ERROR:root:Error processind line #47for ID 47 value 11/11/19895
ERROR:root:Error processind line #48for ID 48 value 44/01/1972
ERROR:root:Error processind line #67for ID 67 value 29*06*1988
ERROR:root:Error processind line #71for ID 71 value 00/10/1995
ERROR:root:Error processind line #78for ID 78 value 25/19/1998
ERROR:root:Error processind line #87for ID 87 value 09-08-2003
ERROR:root:Error processind line #93for ID 93 value 22//01//2013
ERROR:root:Error processind line #0for ID id value birthday
ERROR:root:Error processind line #13for ID 13 value 29/072006
ERROR:root:Error processind line #27for ID 27 value 23/23/2007
ERROR:root:Error processind line #30for ID 30 value 1411/1997
ERROR:root:Error processind line #47for ID 47 value 11/11/19895
ERROR:root:Error processind line #48for ID 48 value 44/01/1972
ERROR:root:Error processind line #67for ID 67 value 29*06*1988
ERROR:root:Error processind line #71for ID 71 value 00/10/1995
ERROR:root:Error processind line #78for ID 78 value 25/19/1998
ERROR:root:Error processind line #87for ID 87 value 09-08-2003
ERROR:root:Error processind line #93for ID 93 value 22//01//2013
ERROR:root:Error processind line #0for ID id value birthday
ERROR:root:Error processind line #13for ID 13 value 29/072006
ERROR:root:Error processind line #27for ID 27 value 23/23/2007
ERROR:root:Error processind line #30for ID 30 value 1411/1997
ERROR:root:Error processind line #47for ID 47 value 11/11/19895
ERROR:root:Error processind line #48for ID 48 value 44/01/1972
ERROR:root:Error processind line #67for ID 67 value 29*06*1988
ERROR:root:Error processind line #71for ID 71 value 00/10/1995
ERROR:root:Error processind line #78for ID 78 value 25/19/1998
ERROR:root:Error processind line #87for ID 87 value 09-08-2003
ERROR:root:Error processind line #93for ID 93 value 22//01//2013
ERROR:root:Error processind line #0for ID id value birthday
ERROR:root:Error processind line #13for ID 13 value 29/072006
ERROR:root:Error processind line #27for ID 27 value 23/23/2007
ERROR:root:Error processind line #30for ID 30 value 1411/1997
ERROR:root:Error processind line #47for ID 47 value 11/11/19895
ERROR:root:Error processind line #48for ID 48 value 44/01/1972
ERROR:root:Error processind line #67for ID 67 value 29*06*1988
ERROR:root:Error processind line #71for ID 71 value 00/10/1995
ERROR:root:Error processind line #78for ID 78 value 25/19/1998
ERROR:root:Error processind line #87for ID 87 value 09-08-2003
ERROR:root:Error processind line #93for ID 93 value 22//01//2013
ERROR:root:Error processind line #0for ID id value birthday
ERROR:root:Error processind line #13for ID 13 value 29/072006
ERROR:root:Error processind line #27for ID 27 value 23/23/2007
ERROR:root:Error processind line #30for ID 30 value 1411/1997
ERROR:root:Error processind line #47for ID 47 value 11/11/19895
ERROR:root:Error processind line #48for ID 48 value 44/01/1972
ERROR:root:Error processind line #67for ID 67 value 29*06*1988
ERROR:root:Error processind line #71for ID 71 value 00/10/1995
ERROR:root:Error processind line #78for ID 78 value 25/19/1998
ERROR:root:Error processind line #87for ID 87 value 09-08-2003
ERROR:root:Error processind line #93for ID 93 value 22//01//2013
ERROR:root:Error processind line #0for ID id value birthday
ERROR:root:Error processind line #13for ID 13 value 29/072006
ERROR:root:Error processind line #27for ID 27 value 23/23/2007
ERROR:root:Error processind line #30for ID 30 value 1411/1997
ERROR:root:Error processind line #47for ID 47 value 11/11/19895
ERROR:root:Error processind line #48for ID 48 value 44/01/1972
ERROR:root:Error processind line #67for ID 67 value 29*06*1988
ERROR:root:Error processind line #71for ID 71 value 00/10/1995
ERROR:root:Error processind line #78for ID 78 value 25/19/1998
ERROR:root:Error processind line #87for ID 87 value 09-08-2003
ERROR:root:Error processind line #93for ID 93 value 22//01//2013
ERROR:root:Error processind line #0for ID id value birthday
ERROR:root:Error processind line #13for ID 13 value 29/072006
ERROR:root:Error processind line #27for ID 27 value 23/23/2007
ERROR:root:Error processind line #30for ID 30 value 1411/1997
ERROR:root:Error processind line #47for ID 47 value 11/11/19895
ERROR:root:Error processind line #48for ID 48 value 44/01/1972
ERROR:root:Error processind line #67for ID 67 value 29*06*1988
ERROR:root:Error processind line #71for ID 71 value 00/10/1995
ERROR:root:Error processind line #78for ID 78 value 25/19/1998
ERROR:root:Error processind line #87for ID 87 value 09-08-2003
ERROR:root:Error processind line #93for ID 93 value 22//01//2013
ERROR:root:Error processind line #0for ID id value birthday
ERROR:root:Error processind line #13for ID 13 value 29/072006
ERROR:root:Error processind line #27for ID 27 value 23/23/2007
ERROR:root:Error processind line #30for ID 30 value 1411/1997
ERROR:root:Error processind line #47for ID 47 value 11/11/19895
ERROR:root:Error processind line #48for ID 48 value 44/01/1972
ERROR:root:Error processind line #67for ID 67 value 29*06*1988
ERROR:root:Error processind line #71for ID 71 value 00/10/1995
ERROR:root:Error processind line #78for ID 78 value 25/19/1998
ERROR:root:Error processind line #87for ID 87 value 09-08-2003
ERROR:root:Error processind line #93for ID 93 value 22//01//2013
ERROR:root:Error processind line #0for ID id value birthday
ERROR:root:Error processind line #13for ID 13 value 29/072006
ERROR:root:Error processind line #27for ID 27 value 23/23/2007
ERROR:root:Error processind line #30for ID 30 value 1411/1997
ERROR:root:Error processind line #47for ID 47 value 11/11/19895
ERROR:root:Error processind line #48for ID 48 value 44/01/1972
ERROR:root:Error processind line #67for ID 67 value 29*06*1988
ERROR:root:Error processind line #71for ID 71 value 00/10/1995
ERROR:root:Error processind line #78for ID 78 value 25/19/1998
ERROR:root:Error processind line #87for ID 87 value 09-08-2003
ERROR:root:Error processind line #93for ID 93 value 22//01//2013
ERROR:root:Error processind line #0for ID id value birthday
ERROR:root:Error processind line #13for ID 13 value 29/072006
ERROR:root:Error processind line #27for ID 27 value 23/23/2007
ERROR:root:Error processind line #30for ID 30 value 1411/1997
ERROR:root:Error processind line #47for ID 47 value 11/11/19895
ERROR:root:Error processind line #48for ID 48 value 44/01/1972
ERROR:root:Error processind line #67for ID 67 value 29*06*1988
ERROR:root:Error processind line #71for ID 71 value 00/10/1995
ERROR:root:Error processind line #78for ID 78 value 25/19/1998
ERROR:root:Error processind line #87for ID 87 value 09-08-2003
ERROR:root:Error processind line #93for ID 93 value 22//01//2013
ERROR:root:Error processind line #0for ID id value birthday
ERROR:root:Error processind line #13for ID 13 value 29/072006
ERROR:root:Error processind line #27for ID 27 value 23/23/2007
ERROR:root:Error processind line #30for ID 30 value 1411/1997
ERROR:root:Error processind line #47for ID 47 value 11/11/19895
ERROR:root:Error processind line #48for ID 48 value 44/01/1972
ERROR:root:Error processind line #67for ID 67 value 29*06*1988
ERROR:root:Error processind line #71for ID 71 value 00/10/1995
ERROR:root:Error processind line #78for ID 78 value 25/19/1998
ERROR:root:Error processind line #87for ID 87 value 09-08-2003
ERROR:root:Error processind line #93for ID 93 value 22//01//2013
ERROR:root:Error processind line #0for ID id value birthday
ERROR:root:Error processind line #13for ID 13 value 29/072006
ERROR:root:Error processind line #27for ID 27 value 23/23/2007
ERROR:root:Error processind line #30for ID 30 value 1411/1997
ERROR:root:Error processind line #47for ID 47 value 11/11/19895
ERROR:root:Error processind line #48for ID 48 value 44/01/1972
ERROR:root:Error processind line #67for ID 67 value 29*06*1988
ERROR:root:Error processind line #71for ID 71 value 00/10/1995
ERROR:root:Error processind line #78for ID 78 value 25/19/1998
ERROR:root:Error processind line #87for ID 87 value 09-08-2003
ERROR:root:Error processind line #93for ID 93 value 22//01//2013
ERROR:root:Error processing line #0for ID id value birthday
ERROR:root:Error processing line #13for ID 13 value 29/072006
ERROR:root:Error processing line #27for ID 27 value 23/23/2007
ERROR:root:Error processing line #30for ID 30 value 1411/1997
ERROR:root:Error processing line #47for ID 47 value 11/11/19895
ERROR:root:Error processing line #48for ID 48 value 44/01/1972
ERROR:root:Error processing line #67for ID 67 value 29*06*1988
ERROR:root:Error processing line #71for ID 71 value 00/10/1995
ERROR:root:Error processing line #78for ID 78 value 25/19/1998
ERROR:root:Error processing line #87for ID 87 value 09-08-2003
ERROR:root:Error processing line #93for ID 93 value 22//01//2013
ERROR:root:Error processing line #0for ID id value birthday
ERROR:root:Error processing line #13for ID 13 value 29/072006
ERROR:root:Error processing line #27for ID 27 value 23/23/2007
ERROR:root:Error processing line #30for ID 30 value 1411/1997
ERROR:root:Error processing line #47for ID 47 value 11/11/19895
ERROR:root:Error processing line #48for ID 48 value 44/01/1972
ERROR:root:Error processing line #67for ID 67 value 29*06*1988
ERROR:root:Error processing line #71for ID 71 value 00/10/1995
ERROR:root:Error processing line #78for ID 78 value 25/19/1998
ERROR:root:Error processing line #87for ID 87 value 09-08-2003
ERROR:root:Error processing line #93for ID 93 value 22//01//2013
ERROR:root:Error processing line #0for ID id value birthday
ERROR:root:Error processing line #13for ID 13 value 29/072006
ERROR:root:Error processing line #27for ID 27 value 23/23/2007
ERROR:root:Error processing line #30for ID 30 value 1411/1997
ERROR:root:Error processing line #47for ID 47 value 11/11/19895
ERROR:root:Error processing line #48for ID 48 value 44/01/1972
ERROR:root:Error processing line #67for ID 67 value 29*06*1988
ERROR:root:Error processing line #71for ID 71 value 00/10/1995
ERROR:root:Error processing line #78for ID 78 value 25/19/1998
ERROR:root:Error processing line #87for ID 87 value 09-08-2003
ERROR:root:Error processing line #93for ID 93 value 22//01//2013
ERROR:root:Error processing line #0for ID id value birthday
ERROR:root:Error processing line #13for ID 13 value 29/072006
ERROR:root:Error processing line #27for ID 27 value 23/23/2007
ERROR:root:Error processing line #30for ID 30 value 1411/1997
ERROR:root:Error processing line #47for ID 47 value 11/11/19895
ERROR:root:Error processing line #48for ID 48 value 44/01/1972
ERROR:root:Error processing line #67for ID 67 value 29*06*1988
ERROR:root:Error processing line #71for ID 71 value 00/10/1995
ERROR:root:Error processing line #78for ID 78 value 25/19/1998
ERROR:root:Error processing line #87for ID 87 value 09-08-2003
ERROR:root:Error processing line #93for ID 93 value 22//01//2013
ERROR:root:Error processing line #0for ID id value birthday
ERROR:root:Error processing line #13for ID 13 value 29/072006
ERROR:root:Error processing line #27for ID 27 value 23/23/2007
ERROR:root:Error processing line #30for ID 30 value 1411/1997
ERROR:root:Error processing line #47for ID 47 value 11/11/19895
ERROR:root:Error processing line #48for ID 48 value 44/01/1972
ERROR:root:Error processing line #67for ID 67 value 29*06*1988
ERROR:root:Error processing line #71for ID 71 value 00/10/1995
ERROR:root:Error processing line #78for ID 78 value 25/19/1998
ERROR:root:Error processing line #87for ID 87 value 09-08-2003
ERROR:root:Error processing line #93for ID 93 value 22//01//2013
ERROR:root:Error processing line #0for ID id value birthday
ERROR:root:Error processing line #13for ID 13 value 29/072006
ERROR:root:Error processing line #27for ID 27 value 23/23/2007
ERROR:root:Error processing line #30for ID 30 value 1411/1997
ERROR:root:Error processing line #47for ID 47 value 11/11/19895
ERROR:root:Error processing line #48for ID 48 value 44/01/1972
ERROR:root:Error processing line #67for ID 67 value 29*06*1988
ERROR:root:Error processing line #71for ID 71 value 00/10/1995
ERROR:root:Error processing line #78for ID 78 value 25/19/1998
ERROR:root:Error processing line #87for ID 87 value 09-08-2003
ERROR:root:Error processing line #93for ID 93 value 22//01//2013
ERROR:root:Error processing line #0for ID id value birthday
ERROR:root:Error processing line #13for ID 13 value 29/072006
ERROR:root:Error processing line #27for ID 27 value 23/23/2007
ERROR:root:Error processing line #30for ID 30 value 1411/1997
ERROR:root:Error processing line #47for ID 47 value 11/11/19895
ERROR:root:Error processing line #48for ID 48 value 44/01/1972
ERROR:root:Error processing line #67for ID 67 value 29*06*1988
ERROR:root:Error processing line #71for ID 71 value 00/10/1995
ERROR:root:Error processing line #78for ID 78 value 25/19/1998
ERROR:root:Error processing line #87for ID 87 value 09-08-2003
ERROR:root:Error processing line #93for ID 93 value 22//01//2013
ERROR:root:Error processing line #0for ID id value birthday
ERROR:root:Error processing line #13for ID 13 value 29/072006
ERROR:root:Error processing line #27for ID 27 value 23/23/2007
ERROR:root:Error processing line #30for ID 30 value 1411/1997
ERROR:root:Error processing line #47for ID 47 value 11/11/19895
ERROR:root:Error processing line #48for ID 48 value 44/01/1972
ERROR:root:Error processing line #67for ID 67 value 29*06*1988
ERROR:root:Error processing line #71for ID 71 value 00/10/1995
ERROR:root:Error processing line #78for ID 78 value 25/19/1998
ERROR:root:Error processing line #87for ID 87 value 09-08-2003
ERROR:root:Error processing line #93for ID 93 value 22//01//2013
ERROR:root:Error processing line #0for ID id value birthday
ERROR:root:Error processing line #13for ID 13 value 29/072006
ERROR:root:Error processing line #27for ID 27 value 23/23/2007
ERROR:root:Error processing line #30for ID 30 value 1411/1997
ERROR:root:Error processing line #47for ID 47 value 11/11/19895
ERROR:root:Error processing line #48for ID 48 value 44/01/1972
ERROR:root:Error processing line #67for ID 67 value 29*06*1988
ERROR:root:Error processing line #71for ID 71 value 00/10/1995
ERROR:root:Error processing line #78for ID 78 value 25/19/1998
ERROR:root:Error processing line #87for ID 87 value 09-08-2003
ERROR:root:Error processing line #93for ID 93 value 22//01//2013
ERROR:root:Error processing line #0for ID id value birthday
ERROR:root:Error processing line #13for ID 13 value 29/072006
ERROR:root:Error processing line #27for ID 27 value 23/23/2007
ERROR:root:Error processing line #30for ID 30 value 1411/1997
ERROR:root:Error processing line #47for ID 47 value 11/11/19895
ERROR:root:Error processing line #48for ID 48 value 44/01/1972
ERROR:root:Error processing line #67for ID 67 value 29*06*1988
ERROR:root:Error processing line #71for ID 71 value 00/10/1995
ERROR:root:Error processing line #78for ID 78 value 25/19/1998
ERROR:root:Error processing line #87for ID 87 value 09-08-2003
ERROR:root:Error processing line #93for ID 93 value 22//01//2013
ERROR:root:Error processing line #0for ID id value birthday
ERROR:root:Error processing line #13for ID 13 value 29/072006
ERROR:root:Error processing line #27for ID 27 value 23/23/2007
ERROR:root:Error processing line #30for ID 30 value 1411/1997
ERROR:root:Error processing line #47for ID 47 value 11/11/19895
ERROR:root:Error processing line #48for ID 48 value 44/01/1972
ERROR:root:Error processing line #67for ID 67 value 29*06*1988
ERROR:root:Error processing line #71for ID 71 value 00/10/1995
ERROR:root:Error processing line #78for ID 78 value 25/19/1998
ERROR:root:Error processing line #87for ID 87 value 09-08-2003
ERROR:root:Error processing line #93for ID 93 value 22//01//2013
ERROR:root:Error processing line #0for ID id value birthday
ERROR:root:Error processing line #13for ID 13 value 29/072006
ERROR:root:Error processing line #27for ID 27 value 23/23/2007
ERROR:root:Error processing line #30for ID 30 value 1411/1997
ERROR:root:Error processing line #47for ID 47 value 11/11/19895
ERROR:root:Error processing line #48for ID 48 value 44/01/1972
ERROR:root:Error processing line #67for ID 67 value 29*06*1988
ERROR:root:Error processing line #71for ID 71 value 00/10/1995
ERROR:root:Error processing line #78for ID 78 value 25/19/1998
ERROR:root:Error processing line #87for ID 87 value 09-08-2003
ERROR:root:Error processing line #93for ID 93 value 22//01//2013
ERROR:root:Error processing line #0for ID id value birthday
ERROR:root:Error processing line #13for ID 13 value 29/072006
ERROR:root:Error processing line #27for ID 27 value 23/23/2007
ERROR:root:Error processing line #30for ID 30 value 1411/1997
ERROR:root:Error processing line #47for ID 47 value 11/11/19895
ERROR:root:Error processing line #48for ID 48 value 44/01/1972
ERROR:root:Error processing line #67for ID 67 value 29*06*1988
ERROR:root:Error processing line #71for ID 71 value 00/10/1995
ERROR:root:Error processing line #78for ID 78 value 25/19/1998
ERROR:root:Error processing line #87for ID 87 value 09-08-2003
ERROR:root:Error processing line #93for ID 93 value 22//01//2013
ERROR:root:Error processing line #0for ID id value birthday
ERROR:root:Error processing line #13for ID 13 value 29/072006
ERROR:root:Error processing line #27for ID 27 value 23/23/2007
ERROR:root:Error processing line #30for ID 30 value 1411/1997
ERROR:root:Error processing line #47for ID 47 value 11/11/19895
ERROR:root:Error processing line #48for ID 48 value 44/01/1972
ERROR:root:Error processing line #67for ID 67 value 29*06*1988
ERROR:root:Error processing line #71for ID 71 value 00/10/1995
ERROR:root:Error processing line #78for ID 78 value 25/19/1998
ERROR:root:Error processing line #87for ID 87 value 09-08-2003
ERROR:root:Error processing line #93for ID 93 value 22//01//2013
ERROR:root:Error processing line #0for ID id value birthday
ERROR:root:Error processing line #13for ID 13 value 29/072006
ERROR:root:Error processing line #27for ID 27 value 23/23/2007
ERROR:root:Error processing line #30for ID 30 value 1411/1997
ERROR:root:Error processing line #47for ID 47 value 11/11/19895
ERROR:root:Error processing line #48for ID 48 value 44/01/1972
ERROR:root:Error processing line #67for ID 67 value 29*06*1988
ERROR:root:Error processing line #71for ID 71 value 00/10/1995
ERROR:root:Error processing line #78for ID 78 value 25/19/1998
ERROR:root:Error processing line #87for ID 87 value 09-08-2003
ERROR:root:Error processing line #93for ID 93 value 22//01//2013
ERROR:root:Error processing line #0for ID id value birthday
ERROR:root:Error processing line #13for ID 13 value 29/072006
ERROR:root:Error processing line #27for ID 27 value 23/23/2007
ERROR:root:Error processing line #30for ID 30 value 1411/1997
ERROR:root:Error processing line #47for ID 47 value 11/11/19895
ERROR:root:Error processing line #48for ID 48 value 44/01/1972
ERROR:root:Error processing line #67for ID 67 value 29*06*1988
ERROR:root:Error processing line #71for ID 71 value 00/10/1995
ERROR:root:Error processing line #78for ID 78 value 25/19/1998
ERROR:root:Error processing line #87for ID 87 value 09-08-2003
ERROR:root:Error processing line #93for ID 93 value 22//01//2013
ERROR:root:Error processing line #0for ID id value birthday
ERROR:root:Error processing line #13for ID 13 value 29/072006
ERROR:root:Error processing line #27for ID 27 value 23/23/2007
ERROR:root:Error processing line #30for ID 30 value 1411/1997
ERROR:root:Error processing line #47for ID 47 value 11/11/19895
ERROR:root:Error processing line #48for ID 48 value 44/01/1972
ERROR:root:Error processing line #67for ID 67 value 29*06*1988
ERROR:root:Error processing line #71for ID 71 value 00/10/1995
ERROR:root:Error processing line #78for ID 78 value 25/19/1998
ERROR:root:Error processing line #87for ID 87 value 09-08-2003
ERROR:root:Error processing line #93for ID 93 value 22//01//2013
ERROR:root:Error processing line #0for ID id value birthday
ERROR:root:Error processing line #13for ID 13 value 29/072006
ERROR:root:Error processing line #27for ID 27 value 23/23/2007
ERROR:root:Error processing line #30for ID 30 value 1411/1997
ERROR:root:Error processing line #47for ID 47 value 11/11/19895
ERROR:root:Error processing line #48for ID 48 value 44/01/1972
ERROR:root:Error processing line #67for ID 67 value 29*06*1988
ERROR:root:Error processing line #71for ID 71 value 00/10/1995
ERROR:root:Error processing line #78for ID 78 value 25/19/1998
ERROR:root:Error processing line #87for ID 87 value 09-08-2003
ERROR:root:Error processing line #93for ID 93 value 22//01//2013
ERROR:root:Error processing line #0for ID id value birthday
ERROR:root:Error processing line #13for ID 13 value 29/072006
ERROR:root:Error processing line #27for ID 27 value 23/23/2007
ERROR:root:Error processing line #30for ID 30 value 1411/1997
ERROR:root:Error processing line #47for ID 47 value 11/11/19895
ERROR:root:Error processing line #48for ID 48 value 44/01/1972
ERROR:root:Error processing line #67for ID 67 value 29*06*1988
ERROR:root:Error processing line #71for ID 71 value 00/10/1995
ERROR:root:Error processing line #78for ID 78 value 25/19/1998
ERROR:root:Error processing line #87for ID 87 value 09-08-2003
ERROR:root:Error processing line #93for ID 93 value 22//01//2013
ERROR:root:Error processing line #0for ID id value birthday
ERROR:root:Error processing line #13for ID 13 value 29/072006
ERROR:root:Error processing line #27for ID 27 value 23/23/2007
ERROR:root:Error processing line #30for ID 30 value 1411/1997
ERROR:root:Error processing line #47for ID 47 value 11/11/19895
ERROR:root:Error processing line #48for ID 48 value 44/01/1972
ERROR:root:Error processing line #67for ID 67 value 29*06*1988
ERROR:root:Error processing line #71for ID 71 value 00/10/1995
ERROR:root:Error processing line #78for ID 78 value 25/19/1998
ERROR:root:Error processing line #87for ID 87 value 09-08-2003
ERROR:root:Error processing line #93for ID 93 value 22//01//2013
ERROR:root:Error processing line #0for ID id value birthday
ERROR:root:Error processing line #13for ID 13 value 29/072006
ERROR:root:Error processing line #27for ID 27 value 23/23/2007
ERROR:root:Error processing line #30for ID 30 value 1411/1997
ERROR:root:Error processing line #47for ID 47 value 11/11/19895
ERROR:root:Error processing line #48for ID 48 value 44/01/1972
ERROR:root:Error processing line #67for ID 67 value 29*06*1988
ERROR:root:Error processing line #71for ID 71 value 00/10/1995
ERROR:root:Error processing line #78for ID 78 value 25/19/1998
ERROR:root:Error processing line #87for ID 87 value 09-08-2003
ERROR:root:Error processing line #93for ID 93 value 22//01//2013
ERROR:root:Error processing line #0for ID id value birthday
ERROR:root:Error processing line #13for ID 13 value 29/072006
ERROR:root:Error processing line #27for ID 27 value 23/23/2007
ERROR:root:Error processing line #30for ID 30 value 1411/1997
ERROR:root:Error processing line #47for ID 47 value 11/11/19895
ERROR:root:Error processing line #48for ID 48 value 44/01/1972
ERROR:root:Error processing line #67for ID 67 value 29*06*1988
ERROR:root:Error processing line #71for ID 71 value 00/10/1995
ERROR:root:Error processing line #78for ID 78 value 25/19/1998
ERROR:root:Error processing line #87for ID 87 value 09-08-2003
ERROR:root:Error processing line #93for ID 93 value 22//01//2013
ERROR:root:Error processing line #0for ID id value birthday
ERROR:root:Error processing line #13for ID 13 value 29/072006
ERROR:root:Error processing line #27for ID 27 value 23/23/2007
ERROR:root:Error processing line #30for ID 30 value 1411/1997
ERROR:root:Error processing line #47for ID 47 value 11/11/19895
ERROR:root:Error processing line #48for ID 48 value 44/01/1972
ERROR:root:Error processing line #67for ID 67 value 29*06*1988
ERROR:root:Error processing line #71for ID 71 value 00/10/1995
ERROR:root:Error processing line #78for ID 78 value 25/19/1998
ERROR:root:Error processing line #87for ID 87 value 09-08-2003
ERROR:root:Error processing line #93for ID 93 value 22//01//2013
ERROR:root:Error processing line #0for ID id value birthday
ERROR:root:Error processing line #13for ID 13 value 29/072006
ERROR:root:Error processing line #27for ID 27 value 23/23/2007
ERROR:root:Error processing line #30for ID 30 value 1411/1997
ERROR:root:Error processing line #47for ID 47 value 11/11/19895
ERROR:root:Error processing line #48for ID 48 value 44/01/1972
ERROR:root:Error processing line #67for ID 67 value 29*06*1988
ERROR:root:Error processing line #71for ID 71 value 00/10/1995
ERROR:root:Error processing line #78for ID 78 value 25/19/1998
ERROR:root:Error processing line #87for ID 87 value 09-08-2003
ERROR:root:Error processing line #93for ID 93 value 22//01//2013
ERROR:root:Error processing line #0for ID id value birthday
ERROR:root:Error processing line #13for ID 13 value 29/072006
ERROR:root:Error processing line #27for ID 27 value 23/23/2007
ERROR:root:Error processing line #30for ID 30 value 1411/1997
ERROR:root:Error processing line #47for ID 47 value 11/11/19895
ERROR:root:Error processing line #48for ID 48 value 44/01/1972
ERROR:root:Error processing line #67for ID 67 value 29*06*1988
ERROR:root:Error processing line #71for ID 71 value 00/10/1995
ERROR:root:Error processing line #78for ID 78 value 25/19/1998
ERROR:root:Error processing line #87for ID 87 value 09-08-2003
ERROR:root:Error processing line #93for ID 93 value 22//01//2013
ERROR:root:Error processing line #0for ID id value birthday
ERROR:root:Error processing line #13for ID 13 value 29/072006
ERROR:root:Error processing line #27for ID 27 value 23/23/2007
ERROR:root:Error processing line #30for ID 30 value 1411/1997
ERROR:root:Error processing line #47for ID 47 value 11/11/19895
ERROR:root:Error processing line #48for ID 48 value 44/01/1972
ERROR:root:Error processing line #67for ID 67 value 29*06*1988
ERROR:root:Error processing line #71for ID 71 value 00/10/1995
ERROR:root:Error processing line #78for ID 78 value 25/19/1998
ERROR:root:Error processing line #87for ID 87 value 09-08-2003
ERROR:root:Error processing line #93for ID 93 value 22//01//2013
ERROR:root:Error processing line #0for ID id value birthday
ERROR:root:Error processing line #13for ID 13 value 29/072006
ERROR:root:Error processing line #27for ID 27 value 23/23/2007
ERROR:root:Error processing line #30for ID 30 value 1411/1997
ERROR:root:Error processing line #47for ID 47 value 11/11/19895
ERROR:root:Error processing line #48for ID 48 value 44/01/1972
ERROR:root:Error processing line #67for ID 67 value 29*06*1988
ERROR:root:Error processing line #71for ID 71 value 00/10/1995
ERROR:root:Error processing line #78for ID 78 value 25/19/1998
ERROR:root:Error processing line #87for ID 87 value 09-08-2003
ERROR:root:Error processing line #93for ID 93 value 22//01//2013
ERROR:root:Error processing line #0for ID id value birthday
ERROR:root:Error processing line #13for ID 13 value 29/072006
ERROR:root:Error processing line #27for ID 27 value 23/23/2007
ERROR:root:Error processing line #30for ID 30 value 1411/1997
ERROR:root:Error processing line #47for ID 47 value 11/11/19895
ERROR:root:Error processing line #48for ID 48 value 44/01/1972
ERROR:root:Error processing line #67for ID 67 value 29*06*1988
ERROR:root:Error processing line #71for ID 71 value 00/10/1995
ERROR:root:Error processing line #78for ID 78 value 25/19/1998
ERROR:root:Error processing line #87for ID 87 value 09-08-2003
ERROR:root:Error processing line #93for ID 93 value 22//01//2013
ERROR:root:Error processing line #0for ID id value birthday
ERROR:root:Error processing line #13for ID 13 value 29/072006
ERROR:root:Error processing line #27for ID 27 value 23/23/2007
ERROR:root:Error processing line #30for ID 30 value 1411/1997
ERROR:root:Error processing line #47for ID 47 value 11/11/19895
ERROR:root:Error processing line #48for ID 48 value 44/01/1972
ERROR:root:Error processing line #67for ID 67 value 29*06*1988
ERROR:root:Error processing line #71for ID 71 value 00/10/1995
ERROR:root:Error processing line #78for ID 78 value 25/19/1998
ERROR:root:Error processing line #87for ID 87 value 09-08-2003
ERROR:root:Error processing line #93for ID 93 value 22//01//2013
ERROR:root:Error processing line #0for ID id value birthday
ERROR:root:Error processing line #13for ID 13 value 29/072006
ERROR:root:Error processing line #27for ID 27 value 23/23/2007
ERROR:root:Error processing line #30for ID 30 value 1411/1997
ERROR:root:Error processing line #47for ID 47 value 11/11/19895
ERROR:root:Error processing line #48for ID 48 value 44/01/1972
ERROR:root:Error processing line #67for ID 67 value 29*06*1988
ERROR:root:Error processing line #71for ID 71 value 00/10/1995
ERROR:root:Error processing line #78for ID 78 value 25/19/1998
ERROR:root:Error processing line #87for ID 87 value 09-08-2003
ERROR:root:Error processing line #93for ID 93 value 22//01//2013
ERROR:root:Error processing line #0for ID id value birthday
ERROR:root:Error processing line #13for ID 13 value 29/072006
ERROR:root:Error processing line #27for ID 27 value 23/23/2007
ERROR:root:Error processing line #30for ID 30 value 1411/1997
ERROR:root:Error processing line #47for ID 47 value 11/11/19895
ERROR:root:Error processing line #48for ID 48 value 44/01/1972
ERROR:root:Error processing line #67for ID 67 value 29*06*1988
ERROR:root:Error processing line #71for ID 71 value 00/10/1995
ERROR:root:Error processing line #78for ID 78 value 25/19/1998
ERROR:root:Error processing line #87for ID 87 value 09-08-2003
ERROR:root:Error processing line #93for ID 93 value 22//01//2013
ERROR:root:Error processing line #0for ID id value birthday
ERROR:root:Error processing line #13for ID 13 value 29/072006
ERROR:root:Error processing line #27for ID 27 value 23/23/2007
ERROR:root:Error processing line #30for ID 30 value 1411/1997
ERROR:root:Error processing line #47for ID 47 value 11/11/19895
ERROR:root:Error processing line #48for ID 48 value 44/01/1972
ERROR:root:Error processing line #67for ID 67 value 29*06*1988
ERROR:root:Error processing line #71for ID 71 value 00/10/1995
ERROR:root:Error processing line #78for ID 78 value 25/19/1998
ERROR:root:Error processing line #87for ID 87 value 09-08-2003
ERROR:root:Error processing line #93for ID 93 value 22//01//2013
ERROR:root:Error processing line #0for ID id value birthday
ERROR:root:Error processing line #13for ID 13 value 29/072006
ERROR:root:Error processing line #27for ID 27 value 23/23/2007
ERROR:root:Error processing line #30for ID 30 value 1411/1997
ERROR:root:Error processing line #47for ID 47 value 11/11/19895
ERROR:root:Error processing line #48for ID 48 value 44/01/1972
ERROR:root:Error processing line #67for ID 67 value 29*06*1988
ERROR:root:Error processing line #71for ID 71 value 00/10/1995
ERROR:root:Error processing line #78for ID 78 value 25/19/1998
ERROR:root:Error processing line #87for ID 87 value 09-08-2003
ERROR:root:Error processing line #93for ID 93 value 22//01//2013
ERROR:root:Error processing line #0for ID id value birthday
ERROR:root:Error processing line #13for ID 13 value 29/072006
ERROR:root:Error processing line #27for ID 27 value 23/23/2007
ERROR:root:Error processing line #30for ID 30 value 1411/1997
ERROR:root:Error processing line #47for ID 47 value 11/11/19895
ERROR:root:Error processing line #48for ID 48 value 44/01/1972
ERROR:root:Error processing line #67for ID 67 value 29*06*1988
ERROR:root:Error processing line #71for ID 71 value 00/10/1995
ERROR:root:Error processing line #78for ID 78 value 25/19/1998
ERROR:root:Error processing line #87for ID 87 value 09-08-2003
ERROR:root:Error processing line #93for ID 93 value 22//01//2013
ERROR:root:Error processing line #0for ID id value birthday
ERROR:root:Error processing line #13for ID 13 value 29/072006
ERROR:root:Error processing line #27for ID 27 value 23/23/2007
ERROR:root:Error processing line #30for ID 30 value 1411/1997
ERROR:root:Error processing line #47for ID 47 value 11/11/19895
ERROR:root:Error processing line #48for ID 48 value 44/01/1972
ERROR:root:Error processing line #67for ID 67 value 29*06*1988
ERROR:root:Error processing line #71for ID 71 value 00/10/1995
ERROR:root:Error processing line #78for ID 78 value 25/19/1998
ERROR:root:Error processing line #87for ID 87 value 09-08-2003
ERROR:root:Error processing line #93for ID 93 value 22//01//2013
ERROR:root:Error processing line #0for ID id value birthday
ERROR:root:Error processing line #13for ID 13 value 29/072006
ERROR:root:Error processing line #27for ID 27 value 23/23/2007
ERROR:root:Error processing line #30for ID 30 value 1411/1997
ERROR:root:Error processing line #47for ID 47 value 11/11/19895
ERROR:root:Error processing line #48for ID 48 value 44/01/1972
ERROR:root:Error processing line #67for ID 67 value 29*06*1988
ERROR:root:Error processing line #71for ID 71 value 00/10/1995
ERROR:root:Error processing line #78for ID 78 value 25/19/1998
ERROR:root:Error processing line #87for ID 87 value 09-08-2003
ERROR:root:Error processing line #93for ID 93 value 22//01//2013
ERROR:root:Error processing line #0for ID id value birthday
ERROR:root:Error processing line #13for ID 13 value 29/072006
ERROR:root:Error processing line #27for ID 27 value 23/23/2007
ERROR:root:Error processing line #30for ID 30 value 1411/1997
ERROR:root:Error processing line #47for ID 47 value 11/11/19895
ERROR:root:Error processing line #48for ID 48 value 44/01/1972
ERROR:root:Error processing line #67for ID 67 value 29*06*1988
ERROR:root:Error processing line #71for ID 71 value 00/10/1995
ERROR:root:Error processing line #78for ID 78 value 25/19/1998
ERROR:root:Error processing line #87for ID 87 value 09-08-2003
ERROR:root:Error processing line #93for ID 93 value 22//01//2013
ERROR:root:Error processing line #0for ID id value birthday
ERROR:root:Error processing line #13for ID 13 value 29/072006
ERROR:root:Error processing line #27for ID 27 value 23/23/2007
ERROR:root:Error processing line #30for ID 30 value 1411/1997
ERROR:root:Error processing line #47for ID 47 value 11/11/19895
ERROR:root:Error processing line #48for ID 48 value 44/01/1972
ERROR:root:Error processing line #67for ID 67 value 29*06*1988
ERROR:root:Error processing line #71for ID 71 value 00/10/1995
ERROR:root:Error processing line #78for ID 78 value 25/19/1998
ERROR:root:Error processing line #87for ID 87 value 09-08-2003
ERROR:root:Error processing line #93for ID 93 value 22//01//2013
ERROR:root:Error processing line #0for ID id value birthday
ERROR:root:Error processing line #13for ID 13 value 29/072006
ERROR:root:Error processing line #27for ID 27 value 23/23/2007
ERROR:root:Error processing line #30for ID 30 value 1411/1997
ERROR:root:Error processing line #47for ID 47 value 11/11/19895
ERROR:root:Error processing line #48for ID 48 value 44/01/1972
ERROR:root:Error processing line #67for ID 67 value 29*06*1988
ERROR:root:Error processing line #71for ID 71 value 00/10/1995
ERROR:root:Error processing line #78for ID 78 value 25/19/1998
ERROR:root:Error processing line #87for ID 87 value 09-08-2003
ERROR:root:Error processing line #93for ID 93 value 22//01//2013
ERROR:root:Error processing line #0for ID id value birthday
ERROR:root:Error processing line #13for ID 13 value 29/072006
ERROR:root:Error processing line #27for ID 27 value 23/23/2007
ERROR:root:Error processing line #30for ID 30 value 1411/1997
ERROR:root:Error processing line #47for ID 47 value 11/11/19895
ERROR:root:Error processing line #48for ID 48 value 44/01/1972
ERROR:root:Error processing line #67for ID 67 value 29*06*1988
ERROR:root:Error processing line #71for ID 71 value 00/10/1995
ERROR:root:Error processing line #78for ID 78 value 25/19/1998
ERROR:root:Error processing line #87for ID 87 value 09-08-2003
ERROR:root:Error processing line #93for ID 93 value 22//01//2013
ERROR:root:Error processing line #0for ID id value birthday
ERROR:root:Error processing line #13for ID 13 value 29/072006
ERROR:root:Error processing line #27for ID 27 value 23/23/2007
ERROR:root:Error processing line #30for ID 30 value 1411/1997
ERROR:root:Error processing line #47for ID 47 value 11/11/19895
ERROR:root:Error processing line #48for ID 48 value 44/01/1972
ERROR:root:Error processing line #67for ID 67 value 29*06*1988
ERROR:root:Error processing line #71for ID 71 value 00/10/1995
ERROR:root:Error processing line #78for ID 78 value 25/19/1998
ERROR:root:Error processing line #87for ID 87 value 09-08-2003
ERROR:root:Error processing line #93for ID 93 value 22//01//2013
ERROR:root:Error processing line #0for ID id value birthday
ERROR:root:Error processing line #13for ID 13 value 29/072006
ERROR:root:Error processing line #27for ID 27 value 23/23/2007
ERROR:root:Error processing line #30for ID 30 value 1411/1997
ERROR:root:Error processing line #47for ID 47 value 11/11/19895
ERROR:root:Error processing line #48for ID 48 value 44/01/1972
ERROR:root:Error processing line #67for ID 67 value 29*06*1988
ERROR:root:Error processing line #71for ID 71 value 00/10/1995
ERROR:root:Error processing line #78for ID 78 value 25/19/1998
ERROR:root:Error processing line #87for ID 87 value 09-08-2003
ERROR:root:Error processing line #93for ID 93 value 22//01//2013
ERROR:root:Error processing line #0for ID id value birthday
ERROR:root:Error processing line #13for ID 13 value 29/072006
ERROR:root:Error processing line #27for ID 27 value 23/23/2007
ERROR:root:Error processing line #30for ID 30 value 1411/1997
ERROR:root:Error processing line #47for ID 47 value 11/11/19895
ERROR:root:Error processing line #48for ID 48 value 44/01/1972
ERROR:root:Error processing line #67for ID 67 value 29*06*1988
ERROR:root:Error processing line #71for ID 71 value 00/10/1995
ERROR:root:Error processing line #78for ID 78 value 25/19/1998
ERROR:root:Error processing line #87for ID 87 value 09-08-2003
ERROR:root:Error processing line #93for ID 93 value 22//01//2013
ERROR:root:Error processing line #0for ID id value birthday
ERROR:root:Error processing line #13for ID 13 value 29/072006
ERROR:root:Error processing line #27for ID 27 value 23/23/2007
ERROR:root:Error processing line #30for ID 30 value 1411/1997
ERROR:root:Error processing line #47for ID 47 value 11/11/19895
ERROR:root:Error processing line #48for ID 48 value 44/01/1972
ERROR:root:Error processing line #67for ID 67 value 29*06*1988
ERROR:root:Error processing line #71for ID 71 value 00/10/1995
ERROR:root:Error processing line #78for ID 78 value 25/19/1998
ERROR:root:Error processing line #87for ID 87 value 09-08-2003
ERROR:root:Error processing line #93for ID 93 value 22//01//2013
ERROR:root:Error processing line #0for ID id value birthday
ERROR:root:Error processing line #13for ID 13 value 29/072006
ERROR:root:Error processing line #27for ID 27 value 23/23/2007
ERROR:root:Error processing line #30for ID 30 value 1411/1997
ERROR:root:Error processing line #47for ID 47 value 11/11/19895
ERROR:root:Error processing line #48for ID 48 value 44/01/1972
ERROR:root:Error processing line #67for ID 67 value 29*06*1988
ERROR:root:Error processing line #71for ID 71 value 00/10/1995
ERROR:root:Error processing line #78for ID 78 value 25/19/1998
ERROR:root:Error processing line #87for ID 87 value 09-08-2003
ERROR:root:Error processing line #93for ID 93 value 22//01//2013
ERROR:root:Error processing line #0for ID id value birthday
ERROR:root:Error processing line #13for ID 13 value 29/072006
ERROR:root:Error processing line #27for ID 27 value 23/23/2007
ERROR:root:Error processing line #30for ID 30 value 1411/1997
ERROR:root:Error processing line #47for ID 47 value 11/11/19895
ERROR:root:Error processing line #48for ID 48 value 44/01/1972
ERROR:root:Error processing line #67for ID 67 value 29*06*1988
ERROR:root:Error processing line #71for ID 71 value 00/10/1995
ERROR:root:Error processing line #78for ID 78 value 25/19/1998
ERROR:root:Error processing line #87for ID 87 value 09-08-2003
ERROR:root:Error processing line #93for ID 93 value 22//01//2013
ERROR:root:Error processing line #0for ID id value birthday
ERROR:root:Error processing line #13for ID 13 value 29/072006
ERROR:root:Error processing line #27for ID 27 value 23/23/2007
ERROR:root:Error processing line #30for ID 30 value 1411/1997
ERROR:root:Error processing line #47for ID 47 value 11/11/19895
ERROR:root:Error processing line #48for ID 48 value 44/01/1972
ERROR:root:Error processing line #67for ID 67 value 29*06*1988
ERROR:root:Error processing line #71for ID 71 value 00/10/1995
ERROR:root:Error processing line #78for ID 78 value 25/19/1998
ERROR:root:Error processing line #87for ID 87 value 09-08-2003
ERROR:root:Error processing line #93for ID 93 value 22//01//2013
ERROR:root:Error processing line #0for ID id value birthday
ERROR:root:Error processing line #13for ID 13 value 29/072006
ERROR:root:Error processing line #27for ID 27 value 23/23/2007
ERROR:root:Error processing line #30for ID 30 value 1411/1997
ERROR:root:Error processing line #47for ID 47 value 11/11/19895
ERROR:root:Error processing line #48for ID 48 value 44/01/1972
ERROR:root:Error processing line #67for ID 67 value 29*06*1988
ERROR:root:Error processing line #71for ID 71 value 00/10/1995
ERROR:root:Error processing line #78for ID 78 value 25/19/1998
ERROR:root:Error processing line #87for ID 87 value 09-08-2003
ERROR:root:Error processing line #93for ID 93 value 22//01//2013
ERROR:root:Error processing line #0for ID id value birthday
ERROR:root:Error processing line #13for ID 13 value 29/072006
ERROR:root:Error processing line #27for ID 27 value 23/23/2007
ERROR:root:Error processing line #30for ID 30 value 1411/1997
ERROR:root:Error processing line #47for ID 47 value 11/11/19895
ERROR:root:Error processing line #48for ID 48 value 44/01/1972
ERROR:root:Error processing line #67for ID 67 value 29*06*1988
ERROR:root:Error processing line #71for ID 71 value 00/10/1995
ERROR:root:Error processing line #78for ID 78 value 25/19/1998
ERROR:root:Error processing line #87for ID 87 value 09-08-2003
ERROR:root:Error processing line #93for ID 93 value 22//01//2013
ERROR:root:Error processing line #0for ID id value birthday
ERROR:root:Error processing line #13for ID 13 value 29/072006
ERROR:root:Error processing line #27for ID 27 value 23/23/2007
ERROR:root:Error processing line #30for ID 30 value 1411/1997
ERROR:root:Error processing line #47for ID 47 value 11/11/19895
ERROR:root:Error processing line #48for ID 48 value 44/01/1972
ERROR:root:Error processing line #67for ID 67 value 29*06*1988
ERROR:root:Error processing line #71for ID 71 value 00/10/1995
ERROR:root:Error processing line #78for ID 78 value 25/19/1998
ERROR:root:Error processing line #87for ID 87 value 09-08-2003
ERROR:root:Error processing line #93for ID 93 value 22//01//2013
ERROR:root:Error processing line #0for ID id value birthday
ERROR:root:Error processing line #13for ID 13 value 29/072006
ERROR:root:Error processing line #27for ID 27 value 23/23/2007
ERROR:root:Error processing line #30for ID 30 value 1411/1997
ERROR:root:Error processing line #47for ID 47 value 11/11/19895
ERROR:root:Error processing line #48for ID 48 value 44/01/1972
ERROR:root:Error processing line #67for ID 67 value 29*06*1988
ERROR:root:Error processing line #71for ID 71 value 00/10/1995
ERROR:root:Error processing line #78for ID 78 value 25/19/1998
ERROR:root:Error processing line #87for ID 87 value 09-08-2003
ERROR:root:Error processing line #93for ID 93 value 22//01//2013
ERROR:root:Error processing line #0for ID id value birthday
ERROR:root:Error processing line #13for ID 13 value 29/072006
ERROR:root:Error processing line #27for ID 27 value 23/23/2007
ERROR:root:Error processing line #30for ID 30 value 1411/1997
ERROR:root:Error processing line #47for ID 47 value 11/11/19895
ERROR:root:Error processing line #48for ID 48 value 44/01/1972
ERROR:root:Error processing line #67for ID 67 value 29*06*1988
ERROR:root:Error processing line #71for ID 71 value 00/10/1995
ERROR:root:Error processing line #78for ID 78 value 25/19/1998
ERROR:root:Error processing line #87for ID 87 value 09-08-2003
ERROR:root:Error processing line #93for ID 93 value 22//01//2013
ERROR:root:Error processing line #0for ID id value birthday
ERROR:root:Error processing line #13for ID 13 value 29/072006
ERROR:root:Error processing line #27for ID 27 value 23/23/2007
ERROR:root:Error processing line #30for ID 30 value 1411/1997
ERROR:root:Error processing line #47for ID 47 value 11/11/19895
ERROR:root:Error processing line #48for ID 48 value 44/01/1972
ERROR:root:Error processing line #67for ID 67 value 29*06*1988
ERROR:root:Error processing line #71for ID 71 value 00/10/1995
ERROR:root:Error processing line #78for ID 78 value 25/19/1998
ERROR:root:Error processing line #87for ID 87 value 09-08-2003
ERROR:root:Error processing line #93for ID 93 value 22//01//2013
ERROR:root:Error processing line #0for ID id value birthday
ERROR:root:Error processing line #13for ID 13 value 29/072006
ERROR:root:Error processing line #27for ID 27 value 23/23/2007
ERROR:root:Error processing line #30for ID 30 value 1411/1997
ERROR:root:Error processing line #47for ID 47 value 11/11/19895
ERROR:root:Error processing line #48for ID 48 value 44/01/1972
ERROR:root:Error processing line #67for ID 67 value 29*06*1988
ERROR:root:Error processing line #71for ID 71 value 00/10/1995
ERROR:root:Error processing line #78for ID 78 value 25/19/1998
ERROR:root:Error processing line #87for ID 87 value 09-08-2003
ERROR:root:Error processing line #93for ID 93 value 22//01//2013
ERROR:root:Error processing line #0for ID id value birthday
ERROR:root:Error processing line #13for ID 13 value 29/072006
ERROR:root:Error processing line #27for ID 27 value 23/23/2007
ERROR:root:Error processing line #30for ID 30 value 1411/1997
ERROR:root:Error processing line #47for ID 47 value 11/11/19895
ERROR:root:Error processing line #48for ID 48 value 44/01/1972
ERROR:root:Error processing line #67for ID 67 value 29*06*1988
ERROR:root:Error processing line #71for ID 71 value 00/10/1995
ERROR:root:Error processing line #78for ID 78 value 25/19/1998
ERROR:root:Error processing line #87for ID 87 value 09-08-2003
ERROR:root:Error processing line #93for ID 93 value 22//01//2013
ERROR:root:Error processing line #0for ID id value birthday
ERROR:root:Error processing line #13for ID 13 value 29/072006
ERROR:root:Error processing line #27for ID 27 value 23/23/2007
ERROR:root:Error processing line #30for ID 30 value 1411/1997
ERROR:root:Error processing line #47for ID 47 value 11/11/19895
ERROR:root:Error processing line #48for ID 48 value 44/01/1972
ERROR:root:Error processing line #67for ID 67 value 29*06*1988
ERROR:root:Error processing line #71for ID 71 value 00/10/1995
ERROR:root:Error processing line #78for ID 78 value 25/19/1998
ERROR:root:Error processing line #87for ID 87 value 09-08-2003
ERROR:root:Error processing line #93for ID 93 value 22//01//2013
ERROR:root:Error processing line #0for ID id value birthday
ERROR:root:Error processing line #13for ID 13 value 29/072006
ERROR:root:Error processing line #27for ID 27 value 23/23/2007
ERROR:root:Error processing line #30for ID 30 value 1411/1997
ERROR:root:Error processing line #47for ID 47 value 11/11/19895
ERROR:root:Error processing line #48for ID 48 value 44/01/1972
ERROR:root:Error processing line #67for ID 67 value 29*06*1988
ERROR:root:Error processing line #71for ID 71 value 00/10/1995
ERROR:root:Error processing line #78for ID 78 value 25/19/1998
ERROR:root:Error processing line #87for ID 87 value 09-08-2003
ERROR:root:Error processing line #93for ID 93 value 22//01//2013
ERROR:root:Error processing line #0for ID id value birthday
ERROR:root:Error processing line #13for ID 13 value 29/072006
ERROR:root:Error processing line #27for ID 27 value 23/23/2007
ERROR:root:Error processing line #30for ID 30 value 1411/1997
ERROR:root:Error processing line #47for ID 47 value 11/11/19895
ERROR:root:Error processing line #48for ID 48 value 44/01/1972
ERROR:root:Error processing line #67for ID 67 value 29*06*1988
ERROR:root:Error processing line #71for ID 71 value 00/10/1995
ERROR:root:Error processing line #78for ID 78 value 25/19/1998
ERROR:root:Error processing line #87for ID 87 value 09-08-2003
ERROR:root:Error processing line #93for ID 93 value 22//01//2013
ERROR:root:Error processing line #0for ID id value birthday
ERROR:root:Error processing line #13for ID 13 value 29/072006
ERROR:root:Error processing line #27for ID 27 value 23/23/2007
ERROR:root:Error processing line #30for ID 30 value 1411/1997
ERROR:root:Error processing line #47for ID 47 value 11/11/19895
ERROR:root:Error processing line #48for ID 48 value 44/01/1972
ERROR:root:Error processing line #67for ID 67 value 29*06*1988
ERROR:root:Error processing line #71for ID 71 value 00/10/1995
ERROR:root:Error processing line #78for ID 78 value 25/19/1998
ERROR:root:Error processing line #87for ID 87 value 09-08-2003
ERROR:root:Error processing line #93for ID 93 value 22//01//2013
ERROR:root:Error processing line #0for ID id value birthday
ERROR:root:Error processing line #13for ID 13 value 29/072006
ERROR:root:Error processing line #27for ID 27 value 23/23/2007
ERROR:root:Error processing line #30for ID 30 value 1411/1997
ERROR:root:Error processing line #47for ID 47 value 11/11/19895
ERROR:root:Error processing line #48for ID 48 value 44/01/1972
ERROR:root:Error processing line #67for ID 67 value 29*06*1988
ERROR:root:Error processing line #71for ID 71 value 00/10/1995
ERROR:root:Error processing line #78for ID 78 value 25/19/1998
ERROR:root:Error processing line #87for ID 87 value 09-08-2003
ERROR:root:Error processing line #93for ID 93 value 22//01//2013
ERROR:root:Error processing line #0for ID id value birthday
ERROR:root:Error processing line #13for ID 13 value 29/072006
ERROR:root:Error processing line #27for ID 27 value 23/23/2007
ERROR:root:Error processing line #30for ID 30 value 1411/1997
ERROR:root:Error processing line #47for ID 47 value 11/11/19895
ERROR:root:Error processing line #48for ID 48 value 44/01/1972
ERROR:root:Error processing line #67for ID 67 value 29*06*1988
ERROR:root:Error processing line #71for ID 71 value 00/10/1995
ERROR:root:Error processing line #78for ID 78 value 25/19/1998
ERROR:root:Error processing line #87for ID 87 value 09-08-2003
ERROR:root:Error processing line #93for ID 93 value 22//01//2013
ERROR:root:Error processing line #0for ID id value birthday
ERROR:root:Error processing line #13for ID 13 value 29/072006
ERROR:root:Error processing line #27for ID 27 value 23/23/2007
ERROR:root:Error processing line #30for ID 30 value 1411/1997
ERROR:root:Error processing line #47for ID 47 value 11/11/19895
ERROR:root:Error processing line #48for ID 48 value 44/01/1972
ERROR:root:Error processing line #67for ID 67 value 29*06*1988
ERROR:root:Error processing line #71for ID 71 value 00/10/1995
ERROR:root:Error processing line #78for ID 78 value 25/19/1998
ERROR:root:Error processing line #87for ID 87 value 09-08-2003
ERROR:root:Error processing line #93for ID 93 value 22//01//2013
ERROR:root:Error processing line #0for ID id value birthday
ERROR:root:Error processing line #13for ID 13 value 29/072006
ERROR:root:Error processing line #27for ID 27 value 23/23/2007
ERROR:root:Error processing line #30for ID 30 value 1411/1997
ERROR:root:Error processing line #47for ID 47 value 11/11/19895
ERROR:root:Error processing line #48for ID 48 value 44/01/1972
ERROR:root:Error processing line #67for ID 67 value 29*06*1988
ERROR:root:Error processing line #71for ID 71 value 00/10/1995
ERROR:root:Error processing line #78for ID 78 value 25/19/1998
ERROR:root:Error processing line #87for ID 87 value 09-08-2003
ERROR:root:Error processing line #93for ID 93 value 22//01//2013
ERROR:root:Error processing line #0for ID id value birthday
ERROR:root:Error processing line #13for ID 13 value 29/072006
ERROR:root:Error processing line #27for ID 27 value 23/23/2007
ERROR:root:Error processing line #30for ID 30 value 1411/1997
ERROR:root:Error processing line #47for ID 47 value 11/11/19895
ERROR:root:Error processing line #48for ID 48 value 44/01/1972
ERROR:root:Error processing line #67for ID 67 value 29*06*1988
ERROR:root:Error processing line #71for ID 71 value 00/10/1995
ERROR:root:Error processing line #78for ID 78 value 25/19/1998
ERROR:root:Error processing line #87for ID 87 value 09-08-2003
ERROR:root:Error processing line #93for ID 93 value 22//01//2013
ERROR:root:Error processing line #0for ID id value birthday
ERROR:root:Error processing line #13for ID 13 value 29/072006
ERROR:root:Error processing line #27for ID 27 value 23/23/2007
ERROR:root:Error processing line #30for ID 30 value 1411/1997
ERROR:root:Error processing line #47for ID 47 value 11/11/19895
ERROR:root:Error processing line #48for ID 48 value 44/01/1972
ERROR:root:Error processing line #67for ID 67 value 29*06*1988
ERROR:root:Error processing line #71for ID 71 value 00/10/1995
ERROR:root:Error processing line #78for ID 78 value 25/19/1998
ERROR:root:Error processing line #87for ID 87 value 09-08-2003
ERROR:root:Error processing line #93for ID 93 value 22//01//2013
ERROR:root:Error processing line #0for ID id value birthday
ERROR:root:Error processing line #13for ID 13 value 29/072006
ERROR:root:Error processing line #27for ID 27 value 23/23/2007
ERROR:root:Error processing line #30for ID 30 value 1411/1997
ERROR:root:Error processing line #47for ID 47 value 11/11/19895
ERROR:root:Error processing line #48for ID 48 value 44/01/1972
ERROR:root:Error processing line #67for ID 67 value 29*06*1988
ERROR:root:Error processing line #71for ID 71 value 00/10/1995
ERROR:root:Error processing line #78for ID 78 value 25/19/1998
ERROR:root:Error processing line #87for ID 87 value 09-08-2003
ERROR:root:Error processing line #93for ID 93 value 22//01//2013
ERROR:root:Error processing line #0for ID id value birthday
ERROR:root:Error processing line #13for ID 13 value 29/072006
ERROR:root:Error processing line #27for ID 27 value 23/23/2007
ERROR:root:Error processing line #30for ID 30 value 1411/1997
ERROR:root:Error processing line #47for ID 47 value 11/11/19895
ERROR:root:Error processing line #48for ID 48 value 44/01/1972
ERROR:root:Error processing line #67for ID 67 value 29*06*1988
ERROR:root:Error processing line #71for ID 71 value 00/10/1995
ERROR:root:Error processing line #78for ID 78 value 25/19/1998
ERROR:root:Error processing line #87for ID 87 value 09-08-2003
ERROR:root:Error processing line #93for ID 93 value 22//01//2013
ERROR:root:Error processing line #0for ID id value birthday
ERROR:root:Error processing line #13for ID 13 value 29/072006
ERROR:root:Error processing line #27for ID 27 value 23/23/2007
ERROR:root:Error processing line #30for ID 30 value 1411/1997
ERROR:root:Error processing line #47for ID 47 value 11/11/19895
ERROR:root:Error processing line #48for ID 48 value 44/01/1972
ERROR:root:Error processing line #67for ID 67 value 29*06*1988
ERROR:root:Error processing line #71for ID 71 value 00/10/1995
ERROR:root:Error processing line #78for ID 78 value 25/19/1998
ERROR:root:Error processing line #87for ID 87 value 09-08-2003
ERROR:root:Error processing line #93for ID 93 value 22//01//2013
ERROR:root:Error processing line #0for ID id value birthday
ERROR:root:Error processing line #13for ID 13 value 29/072006
ERROR:root:Error processing line #27for ID 27 value 23/23/2007
ERROR:root:Error processing line #30for ID 30 value 1411/1997
ERROR:root:Error processing line #47for ID 47 value 11/11/19895
ERROR:root:Error processing line #48for ID 48 value 44/01/1972
ERROR:root:Error processing line #67for ID 67 value 29*06*1988
ERROR:root:Error processing line #71for ID 71 value 00/10/1995
ERROR:root:Error processing line #78for ID 78 value 25/19/1998
ERROR:root:Error processing line #87for ID 87 value 09-08-2003
ERROR:root:Error processing line #93for ID 93 value 22//01//2013
ERROR:root:Error processing line #0for ID id value birthday
ERROR:root:Error processing line #13for ID 13 value 29/072006
ERROR:root:Error processing line #27for ID 27 value 23/23/2007
ERROR:root:Error processing line #30for ID 30 value 1411/1997
ERROR:root:Error processing line #47for ID 47 value 11/11/19895
ERROR:root:Error processing line #48for ID 48 value 44/01/1972
ERROR:root:Error processing line #67for ID 67 value 29*06*1988
ERROR:root:Error processing line #71for ID 71 value 00/10/1995
ERROR:root:Error processing line #78for ID 78 value 25/19/1998
ERROR:root:Error processing line #87for ID 87 value 09-08-2003
ERROR:root:Error processing line #93for ID 93 value 22//01//2013
ERROR:root:Error processing line #0for ID id value birthday
ERROR:root:Error processing line #13for ID 13 value 29/072006
ERROR:root:Error processing line #27for ID 27 value 23/23/2007
ERROR:root:Error processing line #30for ID 30 value 1411/1997
ERROR:root:Error processing line #47for ID 47 value 11/11/19895
ERROR:root:Error processing line #48for ID 48 value 44/01/1972
ERROR:root:Error processing line #67for ID 67 value 29*06*1988
ERROR:root:Error processing line #71for ID 71 value 00/10/1995
ERROR:root:Error processing line #78for ID 78 value 25/19/1998
ERROR:root:Error processing line #87for ID 87 value 09-08-2003
ERROR:root:Error processing line #93for ID 93 value 22//01//2013
ERROR:root:Error processing line #0for ID id value birthday
ERROR:root:Error processing line #13for ID 13 value 29/072006
ERROR:root:Error processing line #27for ID 27 value 23/23/2007
ERROR:root:Error processing line #30for ID 30 value 1411/1997
ERROR:root:Error processing line #47for ID 47 value 11/11/19895
ERROR:root:Error processing line #48for ID 48 value 44/01/1972
ERROR:root:Error processing line #67for ID 67 value 29*06*1988
ERROR:root:Error processing line #71for ID 71 value 00/10/1995
ERROR:root:Error processing line #78for ID 78 value 25/19/1998
ERROR:root:Error processing line #87for ID 87 value 09-08-2003
ERROR:root:Error processing line #93for ID 93 value 22//01//2013
ERROR:root:Error processing line #0for ID id value birthday
ERROR:root:Error processing line #13for ID 13 value 29/072006
ERROR:root:Error processing line #27for ID 27 value 23/23/2007
ERROR:root:Error processing line #30for ID 30 value 1411/1997
ERROR:root:Error processing line #47for ID 47 value 11/11/19895
ERROR:root:Error processing line #48for ID 48 value 44/01/1972
ERROR:root:Error processing line #67for ID 67 value 29*06*1988
ERROR:root:Error processing line #71for ID 71 value 00/10/1995
ERROR:root:Error processing line #78for ID 78 value 25/19/1998
ERROR:root:Error processing line #87for ID 87 value 09-08-2003
ERROR:root:Error processing line #93for ID 93 value 22//01//2013
ERROR:root:Error processing line #0for ID id value birthday
ERROR:root:Error processing line #13for ID 13 value 29/072006
ERROR:root:Error processing line #27for ID 27 value 23/23/2007
ERROR:root:Error processing line #30for ID 30 value 1411/1997
ERROR:root:Error processing line #47for ID 47 value 11/11/19895
ERROR:root:Error processing line #48for ID 48 value 44/01/1972
ERROR:root:Error processing line #67for ID 67 value 29*06*1988
ERROR:root:Error processing line #71for ID 71 value 00/10/1995
ERROR:root:Error processing line #78for ID 78 value 25/19/1998
ERROR:root:Error processing line #87for ID 87 value 09-08-2003
ERROR:root:Error processing line #93for ID 93 value 22//01//2013
ERROR:root:Error processing line #0for ID id value birthday
ERROR:root:Error processing line #13for ID 13 value 29/072006
ERROR:root:Error processing line #27for ID 27 value 23/23/2007
ERROR:root:Error processing line #30for ID 30 value 1411/1997
ERROR:root:Error processing line #47for ID 47 value 11/11/19895
ERROR:root:Error processing line #48for ID 48 value 44/01/1972
ERROR:root:Error processing line #67for ID 67 value 29*06*1988
ERROR:root:Error processing line #71for ID 71 value 00/10/1995
ERROR:root:Error processing line #78for ID 78 value 25/19/1998
ERROR:root:Error processing line #87for ID 87 value 09-08-2003
ERROR:root:Error processing line #93for ID 93 value 22//01//2013
ERROR:root:Error processing line #0for ID id value birthday
ERROR:root:Error processing line #13for ID 13 value 29/072006
ERROR:root:Error processing line #27for ID 27 value 23/23/2007
ERROR:root:Error processing line #30for ID 30 value 1411/1997
ERROR:root:Error processing line #47for ID 47 value 11/11/19895
ERROR:root:Error processing line #48for ID 48 value 44/01/1972
ERROR:root:Error processing line #67for ID 67 value 29*06*1988
ERROR:root:Error processing line #71for ID 71 value 00/10/1995
ERROR:root:Error processing line #78for ID 78 value 25/19/1998
ERROR:root:Error processing line #87for ID 87 value 09-08-2003
ERROR:root:Error processing line #93for ID 93 value 22//01//2013
ERROR:root:Error processing line #0for ID id value birthday
ERROR:root:Error processing line #13for ID 13 value 29/072006
ERROR:root:Error processing line #27for ID 27 value 23/23/2007
ERROR:root:Error processing line #30for ID 30 value 1411/1997
ERROR:root:Error processing line #47for ID 47 value 11/11/19895
ERROR:root:Error processing line #48for ID 48 value 44/01/1972
ERROR:root:Error processing line #67for ID 67 value 29*06*1988
ERROR:root:Error processing line #71for ID 71 value 00/10/1995
ERROR:root:Error processing line #78for ID 78 value 25/19/1998
ERROR:root:Error processing line #87for ID 87 value 09-08-2003
ERROR:root:Error processing line #93for ID 93 value 22//01//2013
ERROR:root:Error processing line #0for ID id value birthday
ERROR:root:Error processing line #13for ID 13 value 29/072006
ERROR:root:Error processing line #27for ID 27 value 23/23/2007
ERROR:root:Error processing line #30for ID 30 value 1411/1997
ERROR:root:Error processing line #47for ID 47 value 11/11/19895
ERROR:root:Error processing line #48for ID 48 value 44/01/1972
ERROR:root:Error processing line #67for ID 67 value 29*06*1988
ERROR:root:Error processing line #71for ID 71 value 00/10/1995
ERROR:root:Error processing line #78for ID 78 value 25/19/1998
ERROR:root:Error processing line #87for ID 87 value 09-08-2003
ERROR:root:Error processing line #93for ID 93 value 22//01//2013
ERROR:root:Error processing line #0for ID id value birthday
ERROR:root:Error processing line #13for ID 13 value 29/072006
ERROR:root:Error processing line #27for ID 27 value 23/23/2007
ERROR:root:Error processing line #30for ID 30 value 1411/1997
ERROR:root:Error processing line #47for ID 47 value 11/11/19895
ERROR:root:Error processing line #48for ID 48 value 44/01/1972
ERROR:root:Error processing line #67for ID 67 value 29*06*1988
ERROR:root:Error processing line #71for ID 71 value 00/10/1995
ERROR:root:Error processing line #78for ID 78 value 25/19/1998
ERROR:root:Error processing line #87for ID 87 value 09-08-2003
ERROR:root:Error processing line #93for ID 93 value 22//01//2013
ERROR:root:Error processing line #0for ID id value birthday
ERROR:root:Error processing line #13for ID 13 value 29/072006
ERROR:root:Error processing line #27for ID 27 value 23/23/2007
ERROR:root:Error processing line #30for ID 30 value 1411/1997
ERROR:root:Error processing line #47for ID 47 value 11/11/19895
ERROR:root:Error processing line #48for ID 48 value 44/01/1972
ERROR:root:Error processing line #67for ID 67 value 29*06*1988
ERROR:root:Error processing line #71for ID 71 value 00/10/1995
ERROR:root:Error processing line #78for ID 78 value 25/19/1998
ERROR:root:Error processing line #87for ID 87 value 09-08-2003
ERROR:root:Error processing line #93for ID 93 value 22//01//2013
ERROR:root:Error processing line #0for ID id value birthday
ERROR:root:Error processing line #13for ID 13 value 29/072006
ERROR:root:Error processing line #27for ID 27 value 23/23/2007
ERROR:root:Error processing line #30for ID 30 value 1411/1997
ERROR:root:Error processing line #47for ID 47 value 11/11/19895
ERROR:root:Error processing line #48for ID 48 value 44/01/1972
ERROR:root:Error processing line #67for ID 67 value 29*06*1988
ERROR:root:Error processing line #71for ID 71 value 00/10/1995
ERROR:root:Error processing line #78for ID 78 value 25/19/1998
ERROR:root:Error processing line #87for ID 87 value 09-08-2003
ERROR:root:Error processing line #93for ID 93 value 22//01//2013
ERROR:root:Error processing line #0for ID id value birthday
ERROR:root:Error processing line #13for ID 13 value 29/072006
ERROR:root:Error processing line #27for ID 27 value 23/23/2007
ERROR:root:Error processing line #30for ID 30 value 1411/1997
ERROR:root:Error processing line #47for ID 47 value 11/11/19895
ERROR:root:Error processing line #48for ID 48 value 44/01/1972
ERROR:root:Error processing line #67for ID 67 value 29*06*1988
ERROR:root:Error processing line #71for ID 71 value 00/10/1995
ERROR:root:Error processing line #78for ID 78 value 25/19/1998
ERROR:root:Error processing line #87for ID 87 value 09-08-2003
ERROR:root:Error processing line #93for ID 93 value 22//01//2013
ERROR:root:Error processing line #0for ID id value birthday
ERROR:root:Error processing line #13for ID 13 value 29/072006
ERROR:root:Error processing line #27for ID 27 value 23/23/2007
ERROR:root:Error processing line #30for ID 30 value 1411/1997
ERROR:root:Error processing line #47for ID 47 value 11/11/19895
ERROR:root:Error processing line #48for ID 48 value 44/01/1972
ERROR:root:Error processing line #67for ID 67 value 29*06*1988
ERROR:root:Error processing line #71for ID 71 value 00/10/1995
ERROR:root:Error processing line #78for ID 78 value 25/19/1998
ERROR:root:Error processing line #87for ID 87 value 09-08-2003
ERROR:root:Error processing line #93for ID 93 value 22//01//2013
ERROR:root:Error processing line #0for ID id value birthday
ERROR:root:Error processing line #13for ID 13 value 29/072006
ERROR:root:Error processing line #27for ID 27 value 23/23/2007
ERROR:root:Error processing line #30for ID 30 value 1411/1997
ERROR:root:Error processing line #47for ID 47 value 11/11/19895
ERROR:root:Error processing line #48for ID 48 value 44/01/1972
ERROR:root:Error processing line #67for ID 67 value 29*06*1988
ERROR:root:Error processing line #71for ID 71 value 00/10/1995
ERROR:root:Error processing line #78for ID 78 value 25/19/1998
ERROR:root:Error processing line #87for ID 87 value 09-08-2003
ERROR:root:Error processing line #93for ID 93 value 22//01//2013
ERROR:root:Error processing line #0for ID id value birthday
ERROR:root:Error processing line #13for ID 13 value 29/072006
ERROR:root:Error processing line #27for ID 27 value 23/23/2007
ERROR:root:Error processing line #30for ID 30 value 1411/1997
ERROR:root:Error processing line #47for ID 47 value 11/11/19895
ERROR:root:Error processing line #48for ID 48 value 44/01/1972
ERROR:root:Error processing line #67for ID 67 value 29*06*1988
ERROR:root:Error processing line #71for ID 71 value 00/10/1995
ERROR:root:Error processing line #78for ID 78 value 25/19/1998
ERROR:root:Error processing line #87for ID 87 value 09-08-2003
ERROR:root:Error processing line #93for ID 93 value 22//01//2013
ERROR:root:Error processing line #0for ID id value birthday
ERROR:root:Error processing line #13for ID 13 value 29/072006
ERROR:root:Error processing line #27for ID 27 value 23/23/2007
ERROR:root:Error processing line #30for ID 30 value 1411/1997
ERROR:root:Error processing line #47for ID 47 value 11/11/19895
ERROR:root:Error processing line #48for ID 48 value 44/01/1972
ERROR:root:Error processing line #67for ID 67 value 29*06*1988
ERROR:root:Error processing line #71for ID 71 value 00/10/1995
ERROR:root:Error processing line #78for ID 78 value 25/19/1998
ERROR:root:Error processing line #87for ID 87 value 09-08-2003
ERROR:root:Error processing line #93for ID 93 value 22//01//2013
ERROR:root:Error processing line #0for ID id value birthday
ERROR:root:Error processing line #13for ID 13 value 29/072006
ERROR:root:Error processing line #27for ID 27 value 23/23/2007
ERROR:root:Error processing line #30for ID 30 value 1411/1997
ERROR:root:Error processing line #47for ID 47 value 11/11/19895
ERROR:root:Error processing line #48for ID 48 value 44/01/1972
ERROR:root:Error processing line #67for ID 67 value 29*06*1988
ERROR:root:Error processing line #71for ID 71 value 00/10/1995
ERROR:root:Error processing line #78for ID 78 value 25/19/1998
ERROR:root:Error processing line #87for ID 87 value 09-08-2003
ERROR:root:Error processing line #93for ID 93 value 22//01//2013
ERROR:root:Error processing line #0for ID id value birthday
ERROR:root:Error processing line #13for ID 13 value 29/072006
ERROR:root:Error processing line #27for ID 27 value 23/23/2007
ERROR:root:Error processing line #30for ID 30 value 1411/1997
ERROR:root:Error processing line #47for ID 47 value 11/11/19895
ERROR:root:Error processing line #48for ID 48 value 44/01/1972
ERROR:root:Error processing line #67for ID 67 value 29*06*1988
ERROR:root:Error processing line #71for ID 71 value 00/10/1995
ERROR:root:Error processing line #78for ID 78 value 25/19/1998
ERROR:root:Error processing line #87for ID 87 value 09-08-2003
ERROR:root:Error processing line #93for ID 93 value 22//01//2013
ERROR:root:Error processing line #0for ID id value birthday
ERROR:root:Error processing line #13for ID 13 value 29/072006
ERROR:root:Error processing line #27for ID 27 value 23/23/2007
ERROR:root:Error processing line #30for ID 30 value 1411/1997
ERROR:root:Error processing line #47for ID 47 value 11/11/19895
ERROR:root:Error processing line #48for ID 48 value 44/01/1972
ERROR:root:Error processing line #67for ID 67 value 29*06*1988
ERROR:root:Error processing line #71for ID 71 value 00/10/1995
ERROR:root:Error processing line #78for ID 78 value 25/19/1998
ERROR:root:Error processing line #87for ID 87 value 09-08-2003
ERROR:root:Error processing line #93for ID 93 value 22//01//2013
ERROR:root:Error processing line #0for ID id value birthday
ERROR:root:Error processing line #13for ID 13 value 29/072006
ERROR:root:Error processing line #27for ID 27 value 23/23/2007
ERROR:root:Error processing line #30for ID 30 value 1411/1997
ERROR:root:Error processing line #47for ID 47 value 11/11/19895
ERROR:root:Error processing line #48for ID 48 value 44/01/1972
ERROR:root:Error processing line #67for ID 67 value 29*06*1988
ERROR:root:Error processing line #71for ID 71 value 00/10/1995
ERROR:root:Error processing line #78for ID 78 value 25/19/1998
ERROR:root:Error processing line #87for ID 87 value 09-08-2003
ERROR:root:Error processing line #93for ID 93 value 22//01//2013
ERROR:root:Error processing line #0for ID id value birthday
ERROR:root:Error processing line #13for ID 13 value 29/072006
ERROR:root:Error processing line #27for ID 27 value 23/23/2007
ERROR:root:Error processing line #30for ID 30 value 1411/1997
ERROR:root:Error processing line #47for ID 47 value 11/11/19895
ERROR:root:Error processing line #48for ID 48 value 44/01/1972
ERROR:root:Error processing line #67for ID 67 value 29*06*1988
ERROR:root:Error processing line #71for ID 71 value 00/10/1995
ERROR:root:Error processing line #78for ID 78 value 25/19/1998
ERROR:root:Error processing line #87for ID 87 value 09-08-2003
ERROR:root:Error processing line #93for ID 93 value 22//01//2013
ERROR:root:Error processing line #0for ID id value birthday
ERROR:root:Error processing line #13for ID 13 value 29/072006
ERROR:root:Error processing line #27for ID 27 value 23/23/2007
ERROR:root:Error processing line #30for ID 30 value 1411/1997
ERROR:root:Error processing line #47for ID 47 value 11/11/19895
ERROR:root:Error processing line #48for ID 48 value 44/01/1972
ERROR:root:Error processing line #67for ID 67 value 29*06*1988
ERROR:root:Error processing line #71for ID 71 value 00/10/1995
ERROR:root:Error processing line #78for ID 78 value 25/19/1998
ERROR:root:Error processing line #87for ID 87 value 09-08-2003
ERROR:root:Error processing line #93for ID 93 value 22//01//2013
ERROR:root:Error processing line #0for ID id value birthday
ERROR:root:Error processing line #13for ID 13 value 29/072006
ERROR:root:Error processing line #27for ID 27 value 23/23/2007
ERROR:root:Error processing line #30for ID 30 value 1411/1997
ERROR:root:Error processing line #47for ID 47 value 11/11/19895
ERROR:root:Error processing line #48for ID 48 value 44/01/1972
ERROR:root:Error processing line #67for ID 67 value 29*06*1988
ERROR:root:Error processing line #71for ID 71 value 00/10/1995
ERROR:root:Error processing line #78for ID 78 value 25/19/1998
ERROR:root:Error processing line #87for ID 87 value 09-08-2003
ERROR:root:Error processing line #93for ID 93 value 22//01//2013
ERROR:root:Error processing line #0for ID id value birthday
ERROR:root:Error processing line #13for ID 13 value 29/072006
ERROR:root:Error processing line #27for ID 27 value 23/23/2007
ERROR:root:Error processing line #30for ID 30 value 1411/1997
ERROR:root:Error processing line #47for ID 47 value 11/11/19895
ERROR:root:Error processing line #48for ID 48 value 44/01/1972
ERROR:root:Error processing line #67for ID 67 value 29*06*1988
ERROR:root:Error processing line #71for ID 71 value 00/10/1995
ERROR:root:Error processing line #78for ID 78 value 25/19/1998
ERROR:root:Error processing line #87for ID 87 value 09-08-2003
ERROR:root:Error processing line #93for ID 93 value 22//01//2013
